DubSiren/Builds/Android/app/build/intermediates/manifest_merge_blame_file/release_Release/manifest-merger-blame-release_-release-report.txt
1<?xml version="1.0" encoding="utf-8"?>
2<manifest xmlns:android="http://schemas.android.com/apk/res/android"
3    package="com.soulslingshotsound.dubsiren"
4    android:versionCode="1"
5    android:versionName="1.0.0" >
6
7    <uses-sdk
8        android:minSdkVersion="23"
8-->src/main/AndroidManifest.xml
9        android:targetSdkVersion="28" />
9-->src/main/AndroidManifest.xml
10
11    <supports-screens
11-->src/main/AndroidManifest.xml:5:3-133
12        android:anyDensity="true"
12-->src/main/AndroidManifest.xml:5:106-131
13        android:largeScreens="true"
13-->src/main/AndroidManifest.xml:5:78-105
14        android:normalScreens="true"
14-->src/main/AndroidManifest.xml:5:49-77
15        android:smallScreens="true" />
15-->src/main/AndroidManifest.xml:5:21-48
16
17    <uses-permission android:name="android.permission.WRITE_EXTERNAL_STORAGE" />
17-->src/main/AndroidManifest.xml:6:3-78
17-->src/main/AndroidManifest.xml:6:20-76
18    <uses-permission android:name="android.permission.READ_EXTERNAL_STORAGE" />
18-->src/main/AndroidManifest.xml:7:3-77
18-->src/main/AndroidManifest.xml:7:20-75
19    <uses-permission android:name="android.permission.ACCESS_COARSE_LOCATION" />
19-->src/main/AndroidManifest.xml:8:3-78
19-->src/main/AndroidManifest.xml:8:20-76
20    <uses-permission android:name="android.permission.BLUETOOTH_ADMIN" />
20-->src/main/AndroidManifest.xml:9:3-71
20-->src/main/AndroidManifest.xml:9:20-69
21    <uses-permission android:name="android.permission.BLUETOOTH" />
21-->src/main/AndroidManifest.xml:10:3-65
21-->src/main/AndroidManifest.xml:10:20-63
22    <uses-permission android:name="android.permission.CHANGE_WIFI_MULTICAST_STATE" />
22-->src/main/AndroidManifest.xml:11:3-83
22-->src/main/AndroidManifest.xml:11:20-81
23    <uses-permission android:name="android.permission.INTERNET" />
23-->src/main/AndroidManifest.xml:12:3-64
23-->src/main/AndroidManifest.xml:12:20-62
24
25    <uses-feature
25-->src/main/AndroidManifest.xml:13:3-75
26        android:glEsVersion="0x00030000"
26-->src/main/AndroidManifest.xml:13:17-49
27        android:required="true" />
27-->src/main/AndroidManifest.xml:13:50-73
28
29    <application
29-->src/main/AndroidManifest.xml:14:3-23:17
30        android:name="com.roli.juce.JuceApp"
30-->src/main/AndroidManifest.xml:14:49-85
31        android:hardwareAccelerated="false"
31-->src/main/AndroidManifest.xml:15:46-81
32        android:icon="@drawable/icon"
32-->src/main/AndroidManifest.xml:15:16-45
33        android:label="@string/app_name"
33-->src/main/AndroidManifest.xml:14:16-48
34        android:theme="@android:style/Theme.NoTitleBar" >
34-->src/main/AndroidManifest.xml:14:86-133
35        <activity
35-->src/main/AndroidManifest.xml:16:5-22:16
36            android:name="com.roli.juce.JuceActivity"
36-->src/main/AndroidManifest.xml:16:15-56
37            android:configChanges="keyboardHidden|orientation|screenSize"
37-->src/main/AndroidManifest.xml:16:90-151
38            android:hardwareAccelerated="true"
38-->src/main/AndroidManifest.xml:17:84-118
39            android:label="@string/app_name"
39-->src/main/AndroidManifest.xml:16:57-89
40            android:launchMode="singleTask"
40-->src/main/AndroidManifest.xml:17:52-83
41            android:screenOrientation="portrait" >
41-->src/main/AndroidManifest.xml:17:15-51
42            <intent-filter>
42-->src/main/AndroidManifest.xml:18:7-21:23
43                <action android:name="android.intent.action.MAIN" />
43-->src/main/AndroidManifest.xml:19:9-60
43-->src/main/AndroidManifest.xml:19:17-58
44
45                <category android:name="android.intent.category.LAUNCHER" />
45-->src/main/AndroidManifest.xml:20:9-68
45-->src/main/AndroidManifest.xml:20:19-66
46            </intent-filter>
47        </activity>
48    </application>
49
50</manifest>